<?xml version="1.0" encoding="UTF-8"?>
<!-- Generated by org.testng.reporters.JUnitXMLReporter -->
<testsuite ignored="0" hostname="NhatLongPC" failures="0" tests="3" name="Surefire test" time="28.21" errors="0" timestamp="2025-12-10T23:58:17 GMT+07:00">
  <testcase classname="tests.UserMenuTest" name="testAboutPopupDetails" time="3.833"/>
  <testcase classname="tests.UserMenuTest" name="testChangePasswordFormInteraction" time="4.54"/>
  <testcase classname="tests.UserMenuTest" name="testLogout" time="5.788"/>
</testsuite> <!-- Surefire test -->
