<?xml version="1.0" encoding="UTF-8"?>
<testng-results ignored="0" total="3" passed="3" failed="0" skipped="0">
  <reporter-output>
  </reporter-output>
  <suite started-at="2025-12-10T23:57:49 GMT+07:00" name="Surefire suite" finished-at="2025-12-10T23:58:17 GMT+07:00" duration-ms="28210">
    <groups>
    </groups>
    <test started-at="2025-12-10T23:57:49 GMT+07:00" name="Surefire test" finished-at="2025-12-10T23:58:17 GMT+07:00" duration-ms="28210">
      <class name="tests.UserMenuTest">
        <test-method is-config="true" signature="setup()[pri:0, instance:tests.UserMenuTest@c8e4bb0]" started-at="2025-12-10T23:57:49 GMT+07:00" name="setup" finished-at="2025-12-10T23:57:53 GMT+07:00" duration-ms="4727" status="PASS">
          <reporter-output>
          </reporter-output>
        </test-method> <!-- setup -->
        <test-method signature="testAboutPopupDetails()[pri:1, instance:tests.UserMenuTest@c8e4bb0]" started-at="2025-12-10T23:57:53 GMT+07:00" name="testAboutPopupDetails" finished-at="2025-12-10T23:57:57 GMT+07:00" duration-ms="3833" status="PASS">
          <reporter-output>
          </reporter-output>
        </test-method> <!-- testAboutPopupDetails -->
        <test-method is-config="true" signature="tearDown()[pri:0, instance:tests.UserMenuTest@c8e4bb0]" started-at="2025-12-10T23:57:57 GMT+07:00" name="tearDown" finished-at="2025-12-10T23:57:57 GMT+07:00" duration-ms="171" status="PASS">
          <reporter-output>
          </reporter-output>
        </test-method> <!-- tearDown -->
        <test-method is-config="true" signature="setup()[pri:0, instance:tests.UserMenuTest@c8e4bb0]" started-at="2025-12-10T23:57:57 GMT+07:00" name="setup" finished-at="2025-12-10T23:58:02 GMT+07:00" duration-ms="4336" status="PASS">
          <reporter-output>
          </reporter-output>
        </test-method> <!-- setup -->
        <test-method signature="testChangePasswordFormInteraction()[pri:2, instance:tests.UserMenuTest@c8e4bb0]" started-at="2025-12-10T23:58:02 GMT+07:00" name="testChangePasswordFormInteraction" finished-at="2025-12-10T23:58:06 GMT+07:00" duration-ms="4540" status="PASS">
          <reporter-output>
          </reporter-output>
        </test-method> <!-- testChangePasswordFormInteraction -->
        <test-method is-config="true" signature="tearDown()[pri:0, instance:tests.UserMenuTest@c8e4bb0]" started-at="2025-12-10T23:58:06 GMT+07:00" name="tearDown" finished-at="2025-12-10T23:58:06 GMT+07:00" duration-ms="179" status="PASS">
          <reporter-output>
          </reporter-output>
        </test-method> <!-- tearDown -->
        <test-method is-config="true" signature="setup()[pri:0, instance:tests.UserMenuTest@c8e4bb0]" started-at="2025-12-10T23:58:06 GMT+07:00" name="setup" finished-at="2025-12-10T23:58:11 GMT+07:00" duration-ms="4425" status="PASS">
          <reporter-output>
          </reporter-output>
        </test-method> <!-- setup -->
        <test-method signature="testLogout()[pri:3, instance:tests.UserMenuTest@c8e4bb0]" started-at="2025-12-10T23:58:11 GMT+07:00" name="testLogout" finished-at="2025-12-10T23:58:17 GMT+07:00" duration-ms="5788" status="PASS">
          <reporter-output>
          </reporter-output>
        </test-method> <!-- testLogout -->
        <test-method is-config="true" signature="tearDown()[pri:0, instance:tests.UserMenuTest@c8e4bb0]" started-at="2025-12-10T23:58:17 GMT+07:00" name="tearDown" finished-at="2025-12-10T23:58:17 GMT+07:00" duration-ms="178" status="PASS">
          <reporter-output>
          </reporter-output>
        </test-method> <!-- tearDown -->
      </class> <!-- tests.UserMenuTest -->
    </test> <!-- Surefire test -->
  </suite> <!-- Surefire suite -->
</testng-results>
