<?xml version="1.0" encoding="UTF-8"?>
<!-- Generated by org.testng.reporters.JUnitReportReporter -->
<testsuite hostname="NhatLongPC" failures="0" tests="3" name="tests.CheckoutTests" time="39.919" errors="0" timestamp="2025-12-07T00:53:22 GMT+07:00" skipped="0">
  <testcase classname="tests.CheckoutTests" name="testAddMultipleProductsToCart" time="14.331"/>
  <testcase classname="tests.CheckoutTests" name="testCheckoutWithValidInformation" time="11.458"/>
  <testcase classname="tests.CheckoutTests" name="testAddSingleProductToCart" time="14.130"/>
</testsuite> <!-- tests.CheckoutTests -->
