<?xml version="1.0" encoding="UTF-8"?>
<!-- Generated by org.testng.reporters.JUnitReportReporter -->
<testsuite hostname="NhatLongPC" failures="0" tests="3" name="tests.UserMenuTest" time="28.177" errors="0" timestamp="2025-12-10T23:58:17 GMT+07:00" skipped="0">
  <testcase classname="tests.UserMenuTest" name="testAboutPopupDetails" time="8.347"/>
  <testcase classname="tests.UserMenuTest" name="testChangePasswordFormInteraction" time="9.144"/>
  <testcase classname="tests.UserMenuTest" name="testLogout" time="10.686"/>
</testsuite> <!-- tests.UserMenuTest -->
